2023-10-17 10:33:14,415 [Worker-5: Loading available Gradle versions] INFO  o.e.b.c.i.u.g.PublishedGradleVersions - Gradle version information cache is out-of-date. Trying to update.
2023-10-28 08:04:51,452 [Worker-2: Loading available Gradle versions] INFO  o.e.b.c.i.u.g.PublishedGradleVersions - Gradle version information cache is out-of-date. Trying to update.
2023-10-30 10:07:25,424 [Worker-0: Loading available Gradle versions] INFO  o.e.b.c.i.u.g.PublishedGradleVersions - Gradle version information cache is out-of-date. Trying to update.
2023-11-06 14:45:13,110 [Worker-0: Loading available Gradle versions] INFO  o.e.b.c.i.u.g.PublishedGradleVersions - Gradle version information cache is up-to-date. Trying to read.
2023-11-06 14:45:57,604 [Worker-14: Creating project "fb"] INFO  o.e.m.c.i.l.LifecycleMappingFactory - Using org.eclipse.m2e.jdt.JarLifecycleMapping lifecycle mapping for MavenProject: mavenproject:fb:0.0.1-SNAPSHOT @ C:\Users\SWT\Desktop\manju\fb\pom.xml.
2023-11-06 14:45:58,933 [Worker-14: Creating project "fb"] INFO  o.e.m.j.i.AbstractJavaProjectConfigurator - Adding source folder /fb/src/main/java
2023-11-06 14:45:58,935 [Worker-14: Creating project "fb"] INFO  o.e.m.j.i.AbstractJavaProjectConfigurator - Adding resource folder /fb/src/main/resources
2023-11-06 14:45:58,937 [Worker-14: Creating project "fb"] INFO  o.e.m.j.i.AbstractJavaProjectConfigurator - Adding source folder /fb/src/test/java
2023-11-06 14:45:58,940 [Worker-14: Creating project "fb"] INFO  o.e.m.j.i.AbstractJavaProjectConfigurator - Adding resource folder /fb/src/test/resources
2023-11-06 14:45:59,663 [Worker-1: Building] WARN  o.a.m.s.f.DefaultMavenResourcesFiltering - Using platform encoding (UTF-8 actually) to copy filtered resources, i.e. build is platform dependent!
2023-11-06 14:45:59,672 [Worker-1: Building] INFO  o.a.m.s.f.DefaultMavenResourcesFiltering - Copying 0 resource
2023-11-06 14:45:59,680 [Worker-1: Building] WARN  o.a.m.s.f.DefaultMavenResourcesFiltering - Using platform encoding (UTF-8 actually) to copy filtered resources, i.e. build is platform dependent!
2023-11-06 14:45:59,682 [Worker-1: Building] INFO  o.a.m.s.f.DefaultMavenResourcesFiltering - Copying 0 resource
2023-11-06 14:50:17,532 [Worker-8: Building] WARN  o.a.m.s.f.DefaultMavenResourcesFiltering - Using platform encoding (UTF-8 actually) to copy filtered resources, i.e. build is platform dependent!
2023-11-06 14:50:17,552 [Worker-8: Building] INFO  o.a.m.s.f.DefaultMavenResourcesFiltering - Copying 0 resource
2023-11-06 14:50:17,558 [Worker-8: Building] WARN  o.a.m.s.f.DefaultMavenResourcesFiltering - Using platform encoding (UTF-8 actually) to copy filtered resources, i.e. build is platform dependent!
2023-11-06 14:50:17,626 [Worker-8: Building] INFO  o.a.m.s.f.DefaultMavenResourcesFiltering - Copying 0 resource
2023-11-06 14:51:30,016 [Worker-14: Building] WARN  o.a.m.s.f.DefaultMavenResourcesFiltering - Using platform encoding (UTF-8 actually) to copy filtered resources, i.e. build is platform dependent!
2023-11-06 14:51:30,020 [Worker-14: Building] INFO  o.a.m.s.f.DefaultMavenResourcesFiltering - Copying 0 resource
2023-11-06 14:51:30,029 [Worker-14: Building] WARN  o.a.m.s.f.DefaultMavenResourcesFiltering - Using platform encoding (UTF-8 actually) to copy filtered resources, i.e. build is platform dependent!
2023-11-06 14:51:30,035 [Worker-14: Building] INFO  o.a.m.s.f.DefaultMavenResourcesFiltering - Copying 0 resource
2023-11-06 14:51:41,432 [Worker-10: Building] WARN  o.a.m.s.f.DefaultMavenResourcesFiltering - Using platform encoding (UTF-8 actually) to copy filtered resources, i.e. build is platform dependent!
2023-11-06 14:51:41,440 [Worker-10: Building] INFO  o.a.m.s.f.DefaultMavenResourcesFiltering - Copying 0 resource
2023-11-06 14:51:41,462 [Worker-10: Building] WARN  o.a.m.s.f.DefaultMavenResourcesFiltering - Using platform encoding (UTF-8 actually) to copy filtered resources, i.e. build is platform dependent!
2023-11-06 14:51:41,475 [Worker-10: Building] INFO  o.a.m.s.f.DefaultMavenResourcesFiltering - Copying 0 resource
2023-11-06 14:53:45,091 [Worker-12: Building] INFO  o.e.m.c.i.l.LifecycleMappingFactory - Using org.eclipse.m2e.jdt.JarLifecycleMapping lifecycle mapping for MavenProject: mavenproject:fb:0.0.1-SNAPSHOT @ C:\Users\SWT\Desktop\manju\fb\pom.xml.
2023-11-06 14:53:45,945 [Worker-12: Building] WARN  o.a.m.s.f.DefaultMavenResourcesFiltering - Using platform encoding (UTF-8 actually) to copy filtered resources, i.e. build is platform dependent!
2023-11-06 14:53:45,949 [Worker-12: Building] INFO  o.a.m.s.f.DefaultMavenResourcesFiltering - Copying 0 resource
2023-11-06 14:53:45,957 [Worker-12: Building] WARN  o.a.m.s.f.DefaultMavenResourcesFiltering - Using platform encoding (UTF-8 actually) to copy filtered resources, i.e. build is platform dependent!
2023-11-06 14:53:45,958 [Worker-12: Building] INFO  o.a.m.s.f.DefaultMavenResourcesFiltering - Copying 0 resource
2023-11-06 14:54:33,499 [Worker-7: Launching NewTestccc] WARN  o.a.m.s.f.DefaultMavenResourcesFiltering - Using platform encoding (UTF-8 actually) to copy filtered resources, i.e. build is platform dependent!
2023-11-06 14:54:33,502 [Worker-7: Launching NewTestccc] INFO  o.a.m.s.f.DefaultMavenResourcesFiltering - Copying 0 resource
2023-11-06 14:54:33,510 [Worker-7: Launching NewTestccc] WARN  o.a.m.s.f.DefaultMavenResourcesFiltering - Using platform encoding (UTF-8 actually) to copy filtered resources, i.e. build is platform dependent!
2023-11-06 14:54:33,512 [Worker-7: Launching NewTestccc] INFO  o.a.m.s.f.DefaultMavenResourcesFiltering - Copying 0 resource
2023-11-06 14:56:02,204 [Worker-5: Launching NewTestccc] WARN  o.a.m.s.f.DefaultMavenResourcesFiltering - Using platform encoding (UTF-8 actually) to copy filtered resources, i.e. build is platform dependent!
2023-11-06 14:56:02,206 [Worker-5: Launching NewTestccc] INFO  o.a.m.s.f.DefaultMavenResourcesFiltering - Copying 0 resource
2023-11-06 14:56:02,216 [Worker-5: Launching NewTestccc] WARN  o.a.m.s.f.DefaultMavenResourcesFiltering - Using platform encoding (UTF-8 actually) to copy filtered resources, i.e. build is platform dependent!
2023-11-06 14:56:02,218 [Worker-5: Launching NewTestccc] INFO  o.a.m.s.f.DefaultMavenResourcesFiltering - Copying 0 resource
2023-11-06 14:56:26,797 [Worker-5: Launching NewTestccc (1)] WARN  o.a.m.s.f.DefaultMavenResourcesFiltering - Using platform encoding (UTF-8 actually) to copy filtered resources, i.e. build is platform dependent!
2023-11-06 14:56:26,799 [Worker-5: Launching NewTestccc (1)] INFO  o.a.m.s.f.DefaultMavenResourcesFiltering - Copying 0 resource
2023-11-06 14:56:26,807 [Worker-5: Launching NewTestccc (1)] WARN  o.a.m.s.f.DefaultMavenResourcesFiltering - Using platform encoding (UTF-8 actually) to copy filtered resources, i.e. build is platform dependent!
2023-11-06 14:56:26,810 [Worker-5: Launching NewTestccc (1)] INFO  o.a.m.s.f.DefaultMavenResourcesFiltering - Copying 0 resource
2023-11-06 14:56:50,700 [Worker-3: Building] WARN  o.a.m.s.f.DefaultMavenResourcesFiltering - Using platform encoding (UTF-8 actually) to copy filtered resources, i.e. build is platform dependent!
2023-11-06 14:56:50,703 [Worker-3: Building] INFO  o.a.m.s.f.DefaultMavenResourcesFiltering - Copying 0 resource
2023-11-06 14:56:50,709 [Worker-3: Building] WARN  o.a.m.s.f.DefaultMavenResourcesFiltering - Using platform encoding (UTF-8 actually) to copy filtered resources, i.e. build is platform dependent!
2023-11-06 14:56:50,711 [Worker-3: Building] INFO  o.a.m.s.f.DefaultMavenResourcesFiltering - Copying 0 resource
2023-11-06 14:56:58,630 [Worker-7: Building] WARN  o.a.m.s.f.DefaultMavenResourcesFiltering - Using platform encoding (UTF-8 actually) to copy filtered resources, i.e. build is platform dependent!
2023-11-06 14:56:58,634 [Worker-7: Building] INFO  o.a.m.s.f.DefaultMavenResourcesFiltering - Copying 0 resource
2023-11-06 14:56:58,641 [Worker-7: Building] WARN  o.a.m.s.f.DefaultMavenResourcesFiltering - Using platform encoding (UTF-8 actually) to copy filtered resources, i.e. build is platform dependent!
2023-11-06 14:56:58,647 [Worker-7: Building] INFO  o.a.m.s.f.DefaultMavenResourcesFiltering - Copying 0 resource
2023-11-06 14:57:06,136 [Worker-10: Launching Executing test in C__Users_SWT_Desktop_manju_fb] INFO  o.eclipse.m2e.core.internal.Bundles - getClasspathEntries(Bundle=org.eclipse.m2e.maven.runtime_3.9.100.20230519-1558 [338])
2023-11-06 14:57:06,175 [Worker-10: Launching Executing test in C__Users_SWT_Desktop_manju_fb] INFO  o.eclipse.m2e.core.internal.Bundles - 	Entry: C:\Users\SWT\.p2\pool\plugins\org.eclipse.m2e.maven.runtime_3.9.100.20230519-1558
2023-11-06 14:57:06,176 [Worker-10: Launching Executing test in C__Users_SWT_Desktop_manju_fb] INFO  o.eclipse.m2e.core.internal.Bundles - 	Entry: C:\Users\SWT\.p2\pool\plugins\org.eclipse.m2e.maven.runtime_3.9.100.20230519-1558\jars\aether-connector-okhttp-0.17.8.jar
2023-11-06 14:57:06,177 [Worker-10: Launching Executing test in C__Users_SWT_Desktop_manju_fb] INFO  o.eclipse.m2e.core.internal.Bundles - 	Entry: C:\Users\SWT\.p2\pool\plugins\org.eclipse.m2e.maven.runtime_3.9.100.20230519-1558\jars\aopalliance-1.0.jar
2023-11-06 14:57:06,178 [Worker-10: Launching Executing test in C__Users_SWT_Desktop_manju_fb] INFO  o.eclipse.m2e.core.internal.Bundles - 	Entry: C:\Users\SWT\.p2\pool\plugins\org.eclipse.m2e.maven.runtime_3.9.100.20230519-1558\jars\commons-lang3-3.8.1.jar
2023-11-06 14:57:06,178 [Worker-10: Launching Executing test in C__Users_SWT_Desktop_manju_fb] INFO  o.eclipse.m2e.core.internal.Bundles - 	Entry: C:\Users\SWT\.p2\pool\plugins\org.eclipse.m2e.maven.runtime_3.9.100.20230519-1558\jars\failureaccess-1.0.1.jar
2023-11-06 14:57:06,179 [Worker-10: Launching Executing test in C__Users_SWT_Desktop_manju_fb] INFO  o.eclipse.m2e.core.internal.Bundles - 	Entry: C:\Users\SWT\.p2\pool\plugins\org.eclipse.m2e.maven.runtime_3.9.100.20230519-1558\jars\guava-30.1-jre.jar
2023-11-06 14:57:06,180 [Worker-10: Launching Executing test in C__Users_SWT_Desktop_manju_fb] INFO  o.eclipse.m2e.core.internal.Bundles - 	Entry: C:\Users\SWT\.p2\pool\plugins\org.eclipse.m2e.maven.runtime_3.9.100.20230519-1558\jars\guice-5.1.0.jar
2023-11-06 14:57:06,182 [Worker-10: Launching Executing test in C__Users_SWT_Desktop_manju_fb] INFO  o.eclipse.m2e.core.internal.Bundles - 	Entry: C:\Users\SWT\.p2\pool\plugins\org.eclipse.m2e.maven.runtime_3.9.100.20230519-1558\jars\jansi-2.4.0.jar
2023-11-06 14:57:06,183 [Worker-10: Launching Executing test in C__Users_SWT_Desktop_manju_fb] INFO  o.eclipse.m2e.core.internal.Bundles - 	Entry: C:\Users\SWT\.p2\pool\plugins\org.eclipse.m2e.maven.runtime_3.9.100.20230519-1558\jars\maven-artifact-3.9.1.jar
2023-11-06 14:57:06,184 [Worker-10: Launching Executing test in C__Users_SWT_Desktop_manju_fb] INFO  o.eclipse.m2e.core.internal.Bundles - 	Entry: C:\Users\SWT\.p2\pool\plugins\org.eclipse.m2e.maven.runtime_3.9.100.20230519-1558\jars\maven-builder-support-3.9.1.jar
2023-11-06 14:57:06,185 [Worker-10: Launching Executing test in C__Users_SWT_Desktop_manju_fb] INFO  o.eclipse.m2e.core.internal.Bundles - 	Entry: C:\Users\SWT\.p2\pool\plugins\org.eclipse.m2e.maven.runtime_3.9.100.20230519-1558\jars\maven-compat-3.9.1.jar
2023-11-06 14:57:06,186 [Worker-10: Launching Executing test in C__Users_SWT_Desktop_manju_fb] INFO  o.eclipse.m2e.core.internal.Bundles - 	Entry: C:\Users\SWT\.p2\pool\plugins\org.eclipse.m2e.maven.runtime_3.9.100.20230519-1558\jars\maven-core-3.9.1.jar
2023-11-06 14:57:06,187 [Worker-10: Launching Executing test in C__Users_SWT_Desktop_manju_fb] INFO  o.eclipse.m2e.core.internal.Bundles - 	Entry: C:\Users\SWT\.p2\pool\plugins\org.eclipse.m2e.maven.runtime_3.9.100.20230519-1558\jars\maven-embedder-3.9.1.jar
2023-11-06 14:57:06,187 [Worker-10: Launching Executing test in C__Users_SWT_Desktop_manju_fb] INFO  o.eclipse.m2e.core.internal.Bundles - 	Entry: C:\Users\SWT\.p2\pool\plugins\org.eclipse.m2e.maven.runtime_3.9.100.20230519-1558\jars\maven-model-3.9.1.jar
2023-11-06 14:57:06,188 [Worker-10: Launching Executing test in C__Users_SWT_Desktop_manju_fb] INFO  o.eclipse.m2e.core.internal.Bundles - 	Entry: C:\Users\SWT\.p2\pool\plugins\org.eclipse.m2e.maven.runtime_3.9.100.20230519-1558\jars\maven-model-builder-3.9.1.jar
2023-11-06 14:57:06,189 [Worker-10: Launching Executing test in C__Users_SWT_Desktop_manju_fb] INFO  o.eclipse.m2e.core.internal.Bundles - 	Entry: C:\Users\SWT\.p2\pool\plugins\org.eclipse.m2e.maven.runtime_3.9.100.20230519-1558\jars\maven-plugin-api-3.9.1.jar
2023-11-06 14:57:06,190 [Worker-10: Launching Executing test in C__Users_SWT_Desktop_manju_fb] INFO  o.eclipse.m2e.core.internal.Bundles - 	Entry: C:\Users\SWT\.p2\pool\plugins\org.eclipse.m2e.maven.runtime_3.9.100.20230519-1558\jars\maven-repository-metadata-3.9.1.jar
2023-11-06 14:57:06,190 [Worker-10: Launching Executing test in C__Users_SWT_Desktop_manju_fb] INFO  o.eclipse.m2e.core.internal.Bundles - 	Entry: C:\Users\SWT\.p2\pool\plugins\org.eclipse.m2e.maven.runtime_3.9.100.20230519-1558\jars\maven-resolver-api-1.9.7.jar
2023-11-06 14:57:06,192 [Worker-10: Launching Executing test in C__Users_SWT_Desktop_manju_fb] INFO  o.eclipse.m2e.core.internal.Bundles - 	Entry: C:\Users\SWT\.p2\pool\plugins\org.eclipse.m2e.maven.runtime_3.9.100.20230519-1558\jars\maven-resolver-connector-basic-1.9.7.jar
2023-11-06 14:57:06,194 [Worker-10: Launching Executing test in C__Users_SWT_Desktop_manju_fb] INFO  o.eclipse.m2e.core.internal.Bundles - 	Entry: C:\Users\SWT\.p2\pool\plugins\org.eclipse.m2e.maven.runtime_3.9.100.20230519-1558\jars\maven-resolver-impl-1.9.7.jar
2023-11-06 14:57:06,195 [Worker-10: Launching Executing test in C__Users_SWT_Desktop_manju_fb] INFO  o.eclipse.m2e.core.internal.Bundles - 	Entry: C:\Users\SWT\.p2\pool\plugins\org.eclipse.m2e.maven.runtime_3.9.100.20230519-1558\jars\maven-resolver-named-locks-1.9.7.jar
2023-11-06 14:57:06,196 [Worker-10: Launching Executing test in C__Users_SWT_Desktop_manju_fb] INFO  o.eclipse.m2e.core.internal.Bundles - 	Entry: C:\Users\SWT\.p2\pool\plugins\org.eclipse.m2e.maven.runtime_3.9.100.20230519-1558\jars\maven-resolver-provider-3.9.1.jar
2023-11-06 14:57:06,197 [Worker-10: Launching Executing test in C__Users_SWT_Desktop_manju_fb] INFO  o.eclipse.m2e.core.internal.Bundles - 	Entry: C:\Users\SWT\.p2\pool\plugins\org.eclipse.m2e.maven.runtime_3.9.100.20230519-1558\jars\maven-resolver-spi-1.9.7.jar
2023-11-06 14:57:06,197 [Worker-10: Launching Executing test in C__Users_SWT_Desktop_manju_fb] INFO  o.eclipse.m2e.core.internal.Bundles - 	Entry: C:\Users\SWT\.p2\pool\plugins\org.eclipse.m2e.maven.runtime_3.9.100.20230519-1558\jars\maven-resolver-transport-wagon-1.9.7.jar
2023-11-06 14:57:06,197 [Worker-10: Launching Executing test in C__Users_SWT_Desktop_manju_fb] INFO  o.eclipse.m2e.core.internal.Bundles - 	Entry: C:\Users\SWT\.p2\pool\plugins\org.eclipse.m2e.maven.runtime_3.9.100.20230519-1558\jars\maven-resolver-util-1.9.7.jar
2023-11-06 14:57:06,198 [Worker-10: Launching Executing test in C__Users_SWT_Desktop_manju_fb] INFO  o.eclipse.m2e.core.internal.Bundles - 	Entry: C:\Users\SWT\.p2\pool\plugins\org.eclipse.m2e.maven.runtime_3.9.100.20230519-1558\jars\maven-settings-3.9.1.jar
2023-11-06 14:57:06,199 [Worker-10: Launching Executing test in C__Users_SWT_Desktop_manju_fb] INFO  o.eclipse.m2e.core.internal.Bundles - 	Entry: C:\Users\SWT\.p2\pool\plugins\org.eclipse.m2e.maven.runtime_3.9.100.20230519-1558\jars\maven-settings-builder-3.9.1.jar
2023-11-06 14:57:06,199 [Worker-10: Launching Executing test in C__Users_SWT_Desktop_manju_fb] INFO  o.eclipse.m2e.core.internal.Bundles - 	Entry: C:\Users\SWT\.p2\pool\plugins\org.eclipse.m2e.maven.runtime_3.9.100.20230519-1558\jars\maven-shared-utils-3.3.4.jar
2023-11-06 14:57:06,202 [Worker-10: Launching Executing test in C__Users_SWT_Desktop_manju_fb] INFO  o.eclipse.m2e.core.internal.Bundles - 	Entry: C:\Users\SWT\.p2\pool\plugins\org.eclipse.m2e.maven.runtime_3.9.100.20230519-1558\jars\okhttp-3.14.1.jar
2023-11-06 14:57:06,202 [Worker-10: Launching Executing test in C__Users_SWT_Desktop_manju_fb] INFO  o.eclipse.m2e.core.internal.Bundles - 	Entry: C:\Users\SWT\.p2\pool\plugins\org.eclipse.m2e.maven.runtime_3.9.100.20230519-1558\jars\okio-1.17.3.jar
2023-11-06 14:57:06,203 [Worker-10: Launching Executing test in C__Users_SWT_Desktop_manju_fb] INFO  o.eclipse.m2e.core.internal.Bundles - 	Entry: C:\Users\SWT\.p2\pool\plugins\org.eclipse.m2e.maven.runtime_3.9.100.20230519-1558\jars\org.eclipse.sisu.inject-0.3.5.jar
2023-11-06 14:57:06,205 [Worker-10: Launching Executing test in C__Users_SWT_Desktop_manju_fb] INFO  o.eclipse.m2e.core.internal.Bundles - 	Entry: C:\Users\SWT\.p2\pool\plugins\org.eclipse.m2e.maven.runtime_3.9.100.20230519-1558\jars\org.eclipse.sisu.plexus-0.3.5.jar
2023-11-06 14:57:06,207 [Worker-10: Launching Executing test in C__Users_SWT_Desktop_manju_fb] INFO  o.eclipse.m2e.core.internal.Bundles - 	Entry: C:\Users\SWT\.p2\pool\plugins\org.eclipse.m2e.maven.runtime_3.9.100.20230519-1558\jars\plexus-build-api-0.0.7.jar
2023-11-06 14:57:06,207 [Worker-10: Launching Executing test in C__Users_SWT_Desktop_manju_fb] INFO  o.eclipse.m2e.core.internal.Bundles - 	Entry: C:\Users\SWT\.p2\pool\plugins\org.eclipse.m2e.maven.runtime_3.9.100.20230519-1558\jars\plexus-cipher-2.0.jar
2023-11-06 14:57:06,208 [Worker-10: Launching Executing test in C__Users_SWT_Desktop_manju_fb] INFO  o.eclipse.m2e.core.internal.Bundles - 	Entry: C:\Users\SWT\.p2\pool\plugins\org.eclipse.m2e.maven.runtime_3.9.100.20230519-1558\jars\plexus-classworlds-2.6.0.jar
2023-11-06 14:57:06,208 [Worker-10: Launching Executing test in C__Users_SWT_Desktop_manju_fb] INFO  o.eclipse.m2e.core.internal.Bundles - 	Entry: C:\Users\SWT\.p2\pool\plugins\org.eclipse.m2e.maven.runtime_3.9.100.20230519-1558\jars\plexus-component-annotations-2.1.0.jar
2023-11-06 14:57:06,209 [Worker-10: Launching Executing test in C__Users_SWT_Desktop_manju_fb] INFO  o.eclipse.m2e.core.internal.Bundles - 	Entry: C:\Users\SWT\.p2\pool\plugins\org.eclipse.m2e.maven.runtime_3.9.100.20230519-1558\jars\plexus-interpolation-1.26.jar
2023-11-06 14:57:06,210 [Worker-10: Launching Executing test in C__Users_SWT_Desktop_manju_fb] INFO  o.eclipse.m2e.core.internal.Bundles - 	Entry: C:\Users\SWT\.p2\pool\plugins\org.eclipse.m2e.maven.runtime_3.9.100.20230519-1558\jars\plexus-sec-dispatcher-2.0.jar
2023-11-06 14:57:06,211 [Worker-10: Launching Executing test in C__Users_SWT_Desktop_manju_fb] INFO  o.eclipse.m2e.core.internal.Bundles - 	Entry: C:\Users\SWT\.p2\pool\plugins\org.eclipse.m2e.maven.runtime_3.9.100.20230519-1558\jars\plexus-utils-3.5.1.jar
2023-11-06 14:57:06,212 [Worker-10: Launching Executing test in C__Users_SWT_Desktop_manju_fb] INFO  o.eclipse.m2e.core.internal.Bundles - 	Entry: C:\Users\SWT\.p2\pool\plugins\org.eclipse.m2e.maven.runtime_3.9.100.20230519-1558\jars\wagon-file-3.5.3.jar
2023-11-06 14:57:06,213 [Worker-10: Launching Executing test in C__Users_SWT_Desktop_manju_fb] INFO  o.eclipse.m2e.core.internal.Bundles - 	Entry: C:\Users\SWT\.p2\pool\plugins\org.eclipse.m2e.maven.runtime_3.9.100.20230519-1558\jars\wagon-provider-api-3.5.3.jar
2023-11-06 14:57:06,221 [Worker-10: Launching Executing test in C__Users_SWT_Desktop_manju_fb] INFO  o.eclipse.m2e.core.internal.Bundles - getClasspathEntries(Bundle=com.google.guava_31.1.0.jre [12])
2023-11-06 14:57:06,235 [Worker-10: Launching Executing test in C__Users_SWT_Desktop_manju_fb] INFO  o.eclipse.m2e.core.internal.Bundles - 	Entry: C:\Users\SWT\.p2\pool\plugins\com.google.guava_31.1.0.jre.jar
2023-11-06 14:57:06,235 [Worker-10: Launching Executing test in C__Users_SWT_Desktop_manju_fb] INFO  o.eclipse.m2e.core.internal.Bundles - getClasspathEntries(Bundle=slf4j.api_1.7.36 [625])
2023-11-06 14:57:06,242 [Worker-10: Launching Executing test in C__Users_SWT_Desktop_manju_fb] INFO  o.eclipse.m2e.core.internal.Bundles - 	Entry: C:\Users\SWT\.p2\pool\plugins\slf4j.api_1.7.36.jar
2023-11-06 14:57:06,242 [Worker-10: Launching Executing test in C__Users_SWT_Desktop_manju_fb] INFO  o.eclipse.m2e.core.internal.Bundles - getClasspathEntries(Bundle=javax.inject_1.0.0.v20220405-0441 [27])
2023-11-06 14:57:06,252 [Worker-10: Launching Executing test in C__Users_SWT_Desktop_manju_fb] INFO  o.eclipse.m2e.core.internal.Bundles - 	Entry: C:\Users\SWT\.p2\pool\plugins\javax.inject_1.0.0.v20220405-0441.jar
2023-11-06 14:57:06,252 [Worker-10: Launching Executing test in C__Users_SWT_Desktop_manju_fb] INFO  o.eclipse.m2e.core.internal.Bundles - getClasspathEntries(Bundle=javax.annotation_1.3.5.v20230504-0748 [25])
2023-11-06 14:57:06,256 [Worker-10: Launching Executing test in C__Users_SWT_Desktop_manju_fb] INFO  o.eclipse.m2e.core.internal.Bundles - 	Entry: C:\Users\SWT\.p2\pool\plugins\javax.annotation_1.3.5.v20230504-0748.jar
2023-11-06 14:57:06,256 [Worker-10: Launching Executing test in C__Users_SWT_Desktop_manju_fb] INFO  o.eclipse.m2e.core.internal.Bundles - getClasspathEntries(Bundle=org.apache.commons.cli_1.5.0 [52])
2023-11-06 14:57:06,261 [Worker-10: Launching Executing test in C__Users_SWT_Desktop_manju_fb] INFO  o.eclipse.m2e.core.internal.Bundles - 	Entry: C:\Users\SWT\.p2\pool\plugins\org.apache.commons.cli_1.5.0.jar
2023-11-06 14:57:06,261 [Worker-10: Launching Executing test in C__Users_SWT_Desktop_manju_fb] INFO  o.eclipse.m2e.core.internal.Bundles - getClasspathEntries(Bundle=com.google.guava.failureaccess_1.0.1 [14])
2023-11-06 14:57:06,268 [Worker-10: Launching Executing test in C__Users_SWT_Desktop_manju_fb] INFO  o.eclipse.m2e.core.internal.Bundles - 	Entry: C:\Users\SWT\.p2\pool\plugins\com.google.guava.failureaccess_1.0.1.jar
2023-11-06 14:57:06,278 [Worker-10: Launching Executing test in C__Users_SWT_Desktop_manju_fb] INFO  o.e.m.i.launch.MavenLaunchDelegate - Run build in "C:\Users\SWT\Desktop\manju\fb":
2023-11-06 14:57:06,281 [Worker-10: Launching Executing test in C__Users_SWT_Desktop_manju_fb] INFO  o.e.m.i.launch.MavenLaunchDelegate -  mvn  -B -Dstyle.color=always test
2023-11-06 14:58:59,208 [Worker-14: Launching NewTestccc] WARN  o.a.m.s.f.DefaultMavenResourcesFiltering - Using platform encoding (UTF-8 actually) to copy filtered resources, i.e. build is platform dependent!
2023-11-06 14:58:59,214 [Worker-14: Launching NewTestccc] INFO  o.a.m.s.f.DefaultMavenResourcesFiltering - Copying 0 resource
2023-11-06 14:58:59,220 [Worker-14: Launching NewTestccc] WARN  o.a.m.s.f.DefaultMavenResourcesFiltering - Using platform encoding (UTF-8 actually) to copy filtered resources, i.e. build is platform dependent!
2023-11-06 14:58:59,232 [Worker-14: Launching NewTestccc] INFO  o.a.m.s.f.DefaultMavenResourcesFiltering - Copying 0 resource
2023-11-06 15:00:35,909 [Worker-15: Launching Executing verify in C__Users_SWT_Desktop_manju_fb] INFO  o.e.m.i.launch.MavenLaunchDelegate - Run build in "C:\Users\SWT\Desktop\manju\fb":
2023-11-06 15:00:35,909 [Worker-15: Launching Executing verify in C__Users_SWT_Desktop_manju_fb] INFO  o.e.m.i.launch.MavenLaunchDelegate -  mvn  -B -Dstyle.color=always verify
2023-11-06 15:00:43,516 [Worker-14: Building] WARN  o.a.m.s.f.DefaultMavenResourcesFiltering - Using platform encoding (UTF-8 actually) to copy filtered resources, i.e. build is platform dependent!
2023-11-06 15:00:43,517 [Worker-14: Building] INFO  o.a.m.s.f.DefaultMavenResourcesFiltering - Copying 0 resource
2023-11-06 15:00:43,520 [Worker-14: Building] WARN  o.a.m.s.f.DefaultMavenResourcesFiltering - Using platform encoding (UTF-8 actually) to copy filtered resources, i.e. build is platform dependent!
2023-11-06 15:00:43,522 [Worker-14: Building] INFO  o.a.m.s.f.DefaultMavenResourcesFiltering - Copying 0 resource
